<?xml version="1.0" encoding="UTF-8"?>
<!-- Generated by org.testng.reporters.JUnitReportReporter -->
<testsuite hostname="LAPTOP-FIR24F2P" failures="0" tests="1" name="test.NewTest" time="8.442" errors="0" timestamp="2023-06-30T13:01:47 IST" skipped="0">
  <testcase classname="test.NewTest" name="f" time="8.442"/>
</testsuite> <!-- test.NewTest -->
